<?xml version="1.0" encoding="UTF-8"?>
<!-- Generated by org.testng.reporters.JUnitReportReporter -->
<testsuite hostname="SVT-LAPTOP-97" failures="0" tests="1" name="cucumberOptions.TestngTestRunnerTest" time="28.456" errors="0" timestamp="2022-08-01T16:10:34 IST" skipped="0">
  <testcase classname="cucumberOptions.TestngTestRunnerTest" name="runScenario" time="28.456"/>
  <system-out/>
</testsuite> <!-- cucumberOptions.TestngTestRunnerTest -->
