<?xml version="1.0" encoding="UTF-8"?>
<!-- Generated by org.testng.reporters.JUnitReportReporter -->
<testsuite hostname="SVT-LAPTOP-97" failures="0" tests="2" name="cucumberOptions.TestngTestRunnerTest" time="65.583" errors="0" timestamp="2022-08-01T14:22:34 IST" skipped="0">
  <testcase classname="cucumberOptions.TestngTestRunnerTest" name="runScenario" time="32.777"/>
  <system-out/>
  <testcase classname="cucumberOptions.TestngTestRunnerTest" name="runScenario" time="32.806"/>
  <system-out/>
</testsuite> <!-- cucumberOptions.TestngTestRunnerTest -->
