<?xml version="1.0" encoding="UTF-8"?>
<!-- Generated by org.testng.reporters.JUnitReportReporter -->
<testsuite hostname="SVT-LAPTOP-97" failures="0" tests="1" name="cucumberOptions.TestngTestRunnerTest" time="50.311" errors="0" timestamp="2022-09-13T17:39:13 IST" skipped="0">
  <testcase classname="cucumberOptions.TestngTestRunnerTest" name="runScenario" time="50.311"/>
  <system-out/>
</testsuite> <!-- cucumberOptions.TestngTestRunnerTest -->
